Traceback (most recent call last):
  File "/home/arielghislain.kemogn/fighi_extended_package/fighi_ext/run_cli.py", line 8, in <module>
    from .pipeline import FIGHIPipeline
ImportError: attempted relative import with no known parent package

During handling of the above exception, another exception occurred:

Traceback (most recent call last):
  File "/home/arielghislain.kemogn/fighi_extended_package/fighi_ext/run_cli.py", line 14, in <module>
    from pipeline import FIGHIPipeline
  File "/home/arielghislain.kemogn/fighi_extended_package/fighi_ext/pipeline.py", line 5, in <module>
    from .utils import standardize, maf, product_feature, bh_fdr
ImportError: attempted relative import with no known parent package
srun: error: th21: task 0: Exited with exit code 1
